ちｔｔｙつっつｒｒｔｒｒｔｒfhdteryeryteyeyrep/code.c:1:1: error: stray ‘\343’ in program ちｔｔｙつっつｒｒｔｒｒｔｒfhdteryeryteyey ^ rep/code.c:1:1: error: stray ‘\201’ in program rep/code.c:1:1: error: stray ‘\241’ in program rep/code.c:1:1: error: stray ‘\357’ in program rep/code.c:1:1: error: stray ‘\275’ in program rep/code.c:1:1: error: stray ‘\224’ in program rep/code.c:1:1: error: stray ‘\357’ in program rep/code.c:1:1: error: stray ‘\275’ in program rep/code.c:1:1: error: stray ‘\224’ in program rep/code.c:1:1: error: stray ‘\357’ in program rep/code.c:1:1: error: stray ‘\275’ in program rep/code.c:1:1: error: stray ‘\231’ in program rep/code.c:1:1: error: stray ‘\343’ in program rep/code.c:1:1: error: stray ‘\201’ in program rep/code.c:1:1: error: stray ‘\244’ in program rep/code.c:1:1: error: stray ‘\343’ in program rep/code.c:1:1: error: stray ‘\201’ in program rep/code.c:1:1: error: stray ‘\243’ in program rep/code.c:1:1: error: stray ‘\343’ in program rep/code.c:1:1: error: stray ‘\201’ in program rep/code.c:1:1: error: stray ‘\244’ in program rep/code.c:1:1: error: stray ‘\357’ in program rep/code.c:1:1: error: stray ‘\275’ in program rep/code.c:1:1: error: stray ‘\222’ in program rep/code.c:1:1: error: stray ‘\357’ in program rep/code.c:1:1: error: stray ‘\275’ in program rep/code.c:1:1: error: stray ‘\222’ in program rep/code.c:1:1: error: stray ‘\357’ in program rep/code.c:1:1: error: stray ‘\275’ in program rep/code.c:1:1: error: stray ‘\224’ in program rep/code.c:1:1: error: stray ‘\357’ in program rep/code.c:1:1: error: stray ‘\275’ in program rep/code.c:1:1: error: stray ‘\222’ in program rep/code.c:1:1: error: stray ‘\357’ in program rep/code.c:1:1: error: stray ‘\275’ in program rep/code.c:1:1: error: stray ‘\222’ in program rep/code.c:1:1: error: stray ‘\357’ in program rep/code.c:1:1: error: stray ‘\275’ in program rep/code.c:1:1: error: stray ‘\224’ in program rep/code.c:1:1: error: stray ‘\357’ in program rep/code.c:1:1: error: stray ‘\275’ in program rep/code.c:1:1: error: stray ‘\222’ in program rep/code.c:1:1: error: expected ‘=’, ‘,’, ‘;’, ‘asm’ or ‘__attribute__’ at end of input
